2021/10/21 21:23:03 Start to connecttion
2021/10/21 21:23:03 bulletinboard serve on 127.0.0.1:10000
2021/10/21 21:23:04 client has connected to committee and board
2021/10/21 21:23:04 Has connected to controller
2021/10/21 21:23:04 [bulletinboard] start epoch
2021/10/21 21:23:04 [bulletinboard] start phase 1
2021/10/21 21:23:04 [bulletinboard] start phase 1
2021/10/21 21:23:04 [bulletinboard] start phase 1
2021/10/21 21:23:04 [bulletinboard] start phase 1
2021/10/21 21:23:04 [bulletinboard] start phase 1
2021/10/21 21:23:04 [bulletinboard] start phase 1
2021/10/21 21:23:04 [bulletinboard] start phase 1
2021/10/21 21:23:04 [bulletinboard] start phase 1
2021/10/21 21:23:04 [bulletinboard] start phase 1
2021/10/21 21:23:04 [bulletinboard] start phase 1
2021/10/21 21:23:04 [bulletinboard] start phase 1
2021/10/21 21:23:04 [bulletinboard] start phase 1
2021/10/21 21:23:04 [bulletinboard] is being read in phase 1
2021/10/21 21:23:04 [bulletinboard] is being read in phase 1
2021/10/21 21:23:04 [bulletinboard] is being read in phase 1
2021/10/21 21:23:04 [bulletinboard] is being read in phase 1
2021/10/21 21:23:04 [bulletinboard] is being read in phase 1
2021/10/21 21:23:04 [bulletinboard] is being read in phase 1
2021/10/21 21:23:04 [bulletinboard] is being read in phase 1
2021/10/21 21:23:04 [bulletinboard] is being read in phase 1
2021/10/21 21:23:04 [bulletinboard] is being read in phase 1
2021/10/21 21:23:04 [bulletinboard] is being read in phase 1
2021/10/21 21:23:04 [bulletinboard] is being read in phase 1
2021/10/21 21:23:04 [bulletinboard] is being writcommitmentten in phase 3
2021/10/21 21:23:04 [bulletinboard] is being writcommitmentten in phase 3
2021/10/21 21:23:04 [bulletinboard] is being writcommitmentten in phase 3
2021/10/21 21:23:04 [bulletinboard] is being writcommitmentten in phase 3
2021/10/21 21:23:04 [bulletinboard] is being writcommitmentten in phase 3
2021/10/21 21:23:04 [bulletinboard] is being writcommitmentten in phase 3
2021/10/21 21:23:04 [bulletinboard] is being writcommitmentten in phase 3
2021/10/21 21:23:04 [bulletinboard] is being writcommitmentten in phase 3
2021/10/21 21:23:04 [bulletinboard] is being writcommitmentten in phase 3
2021/10/21 21:23:04 [bulletinboard] is being writcommitmentten in phase 3
2021/10/21 21:23:04 [bulletinboard] is being writcommitmentten in phase 3
2021/10/21 21:23:04 [bulletinboard] start verification in phase 3
2021/10/21 21:23:04 [bulletinboard] start verification in phase 3
2021/10/21 21:23:04 [bulletinboard] start verification in phase 3
2021/10/21 21:23:04 [bulletinboard] start verification in phase 3
2021/10/21 21:23:04 [bulletinboard] start verification in phase 3
2021/10/21 21:23:04 [bulletinboard] start verification in phase 3
2021/10/21 21:23:04 [bulletinboard] start verification in phase 3
2021/10/21 21:23:04 [bulletinboard] start verification in phase 3
2021/10/21 21:23:04 [bulletinboard] start verification in phase 3
2021/10/21 21:23:04 [bulletinboard] start verification in phase 3
2021/10/21 21:23:04 [bulletinboard] start verification in phase 3
2021/10/21 21:23:04 [bulletinboard] start verification in phase 3
2021/10/21 21:23:04 [bulletinboard] is being read in phase 1 2
2021/10/21 21:23:04 [bulletinboard] is being read in phase 1 2
2021/10/21 21:23:04 [bulletinboard] is being read in phase 1 2
2021/10/21 21:23:04 [bulletinboard] is being read in phase 1 2
2021/10/21 21:23:04 [bulletinboard] is being read in phase 1 2
2021/10/21 21:23:04 [bulletinboard] is being read in phase 1 2
2021/10/21 21:23:04 [bulletinboard] is being read in phase 1 2
2021/10/21 21:23:04 [bulletinboard] is being read in phase 1 2
2021/10/21 21:23:04 [bulletinboard] is being read in phase 1 2
2021/10/21 21:23:04 [bulletinboard] is being read in phase 1 2
2021/10/21 21:23:04 [bulletinboard] is being read in phase 1 2
2021/10/21 21:23:04 [bulletinboard] is being read in phase 1 2
2021/10/21 21:23:04 [bulletinboard] is being written in phase 2
2021/10/21 21:23:04 [bulletinboard] is being written in phase 2
2021/10/21 21:23:04 [bulletinboard] is being written in phase 2
2021/10/21 21:23:04 [bulletinboard] is being written in phase 2
2021/10/21 21:23:04 [bulletinboard] is being written in phase 2
2021/10/21 21:23:04 [bulletinboard] is being written in phase 2
2021/10/21 21:23:04 [bulletinboard] is being written in phase 2
2021/10/21 21:23:04 [bulletinboard] is being written in phase 2
2021/10/21 21:23:04 [bulletinboard] is being written in phase 2
2021/10/21 21:23:04 [bulletinboard] is being written in phase 2
2021/10/21 21:23:04 [bulletinboard] is being written in phase 2
2021/10/21 21:23:04 [bulletinboard] start verification in phase 2
2021/10/21 21:23:04 [bulletinboard] start verification in phase 2
2021/10/21 21:23:04 [bulletinboard] start verification in phase 2
2021/10/21 21:23:04 [bulletinboard] start verification in phase 2
2021/10/21 21:23:04 [bulletinboard] start verification in phase 2
2021/10/21 21:23:04 [bulletinboard] start verification in phase 2
2021/10/21 21:23:04 [bulletinboard] start verification in phase 2
2021/10/21 21:23:04 [bulletinboard] start verification in phase 2
2021/10/21 21:23:04 [bulletinboard] start verification in phase 2
2021/10/21 21:23:04 [bulletinboard] start verification in phase 2
2021/10/21 21:23:04 [bulletinboard] start verification in phase 2
2021/10/21 21:23:04 [bulletinboard] start verification in phase 2
2021/10/21 21:23:04 [bulletinboard] is being read in phase 2
2021/10/21 21:23:04 [bulletinboard] is being read in phase 2
2021/10/21 21:23:04 [bulletinboard] is being read in phase 2
2021/10/21 21:23:04 [bulletinboard] is being read in phase 2
2021/10/21 21:23:04 [bulletinboard] is being read in phase 2
2021/10/21 21:23:04 [bulletinboard] is being read in phase 2
2021/10/21 21:23:04 [bulletinboard] is being read in phase 2
2021/10/21 21:23:04 [bulletinboard] is being read in phase 2
2021/10/21 21:23:04 [bulletinboard] is being read in phase 2
2021/10/21 21:23:04 [bulletinboard] is being read in phase 2
2021/10/21 21:23:04 [bulletinboard] is being read in phase 2
2021/10/21 21:23:04 [bulletinboard] is being read in phase 2
2021/10/21 21:23:04 [bulletinboard] is being written in phase 3
2021/10/21 21:23:04 [bulletinboard] is being written in phase 3
2021/10/21 21:23:04 [bulletinboard] is being written in phase 3
2021/10/21 21:23:04 [bulletinboard] is being written in phase 3
2021/10/21 21:23:04 [bulletinboard] is being written in phase 3
2021/10/21 21:23:04 [bulletinboard] is being written in phase 3
2021/10/21 21:23:04 [bulletinboard] is being written in phase 3
2021/10/21 21:23:04 [bulletinboard] is being written in phase 3
2021/10/21 21:23:04 [bulletinboard] is being written in phase 3
2021/10/21 21:23:04 [bulletinboard] is being written in phase 3
2021/10/21 21:23:04 [bulletinboard] is being written in phase 3
2021/10/21 21:23:04 [bulletinboard] is being written in phase 3
2021/10/21 21:23:04 [bulletinboard] start verification in phase 3
2021/10/21 21:23:04 [bulletinboard] start verification in phase 3
2021/10/21 21:23:04 [bulletinboard] start verification in phase 3
2021/10/21 21:23:04 [bulletinboard] start verification in phase 3
2021/10/21 21:23:04 [bulletinboard] start verification in phase 3
2021/10/21 21:23:04 [bulletinboard] start verification in phase 3
2021/10/21 21:23:04 [bulletinboard] start verification in phase 3
2021/10/21 21:23:04 [bulletinboard] start verification in phase 3
2021/10/21 21:23:04 [bulletinboard] start verification in phase 3
2021/10/21 21:23:04 [bulletinboard] start verification in phase 3
2021/10/21 21:23:04 [bulletinboard] start verification in phase 3
2021/10/21 21:23:04 [bulletinboard] start verification in phase 3
2021/10/21 21:23:04 [bulletinboard] is being read in phase 3
2021/10/21 21:23:04 [bulletinboard] is being read in phase 3
2021/10/21 21:23:04 [bulletinboard] is being read in phase 3
2021/10/21 21:23:04 [bulletinboard] is being read in phase 3
2021/10/21 21:23:04 [bulletinboard] is being read in phase 3
2021/10/21 21:23:04 [bulletinboard] is being read in phase 3
2021/10/21 21:23:04 [bulletinboard] is being read in phase 3
2021/10/21 21:23:04 [bulletinboard] is being read in phase 3
2021/10/21 21:23:04 [bulletinboard] is being read in phase 3
2021/10/21 21:23:04 [bulletinboard] is being read in phase 3
2021/10/21 21:23:05 [bulletinboard] is being read in phase 3
2021/10/21 21:23:05 [bulletinboard] is being read in phase 3
2021/10/21 21:23:05 [bulletinboard] is being written in phase 3 2
2021/10/21 21:23:05 [bulletinboard] recontruct secret
2021/10/21 21:23:05 [bulletinboard] is being written in phase 3 2
2021/10/21 21:23:05 [bulletinboard] is being written in phase 3 2
2021/10/21 21:23:05 [bulletinboard] is being written in phase 3 2
2021/10/21 21:23:05 [bulletinboard] is being written in phase 3 2
2021/10/21 21:23:05 [bulletinboard] recontruct secret
2021/10/21 21:23:05 [bulletinboard] recontruct secret
2021/10/21 21:23:05 [bulletinboard] recontruct secret
2021/10/21 21:23:05 [bulletinboard] is being written in phase 3 2
2021/10/21 21:23:05 [bulletinboard] is being written in phase 3 2
2021/10/21 21:23:05 [bulletinboard] recontruct secret
2021/10/21 21:23:05 [bulletinboard] recontruct secret
2021/10/21 21:23:05 [bulletinboard] recontruct secret
2021/10/21 21:23:05 [bulletinboard] is being written in phase 3 2
2021/10/21 21:23:05 [bulletinboard] is being written in phase 3 2
2021/10/21 21:23:05 [bulletinboard] is being written in phase 3 2
2021/10/21 21:23:05 [bulletinboard] is being written in phase 3 2
2021/10/21 21:23:05 [bulletinboard] recontruct secret
2021/10/21 21:23:05 [bulletinboard] recontruct secret
2021/10/21 21:23:05 [bulletinboard] recontruct secret
2021/10/21 21:23:05 [bulletinboard] recontruct secret
2021/10/21 21:23:05 [bulletinboard] is being written in phase 3 2
2021/10/21 21:23:05 [bulletinboard] recontruct secret
2021/10/21 21:23:05 [bulletinboard] the secret is 1234567899876543210
2021/10/21 21:23:05 totMsgSize,2169
