2021/10/17 06:34:26 Node 3 new done,ip = 127.0.0.1:10330
2021/10/17 06:34:26 [Node 3] Now Get start Phase1
2021/10/17 06:34:26 [Node 3] send point message to [Node 1]
2021/10/17 06:34:26 [Node 3] send point message to [Node 2]
2021/10/17 06:34:26 [Node 3] send point message to [Node 4]
2021/10/17 06:34:26 [Node 3] send point message to [Node 5]
2021/10/17 06:34:26 Phase 1 :[Node 3] receive point message from [Node 2]
2021/10/17 06:34:26 Phase 1 :[Node 3] receive point message from [Node 5]
2021/10/17 06:34:26 Phase 1 :[Node 3] receive point message from [Node 1]
2021/10/17 06:34:26 Phase 1 :[Node 3] receive point message from [Node 4]
2021/10/17 06:34:26 [Node 3] read bulletinboard in phase 1
2021/10/17 06:34:26 [Node 3] send message to [Node 1] in phase 2
2021/10/17 06:34:26 [Node 3] send message to [Node 2] in phase 2
2021/10/17 06:34:26 [Node 3] send message to [Node 4] in phase 2
2021/10/17 06:34:26 [Node 3] send message to [Node 5] in phase 2
2021/10/17 06:34:26 [Node 3] receive zero message from [Node 5] in phase 2
2021/10/17 06:34:26 [Node 3] receive zero message from [Node 2] in phase 2
2021/10/17 06:34:26 [Node 3] receive zero message from [Node 1] in phase 2
2021/10/17 06:34:26 [Node 3] receive zero message from [Node 4] in phase 2
2021/10/17 06:34:26 3 has finish _0ShareSum
2021/10/17 06:34:26 [node 3] write bulletinboard in phase 2
2021/10/17 06:34:26 [Node %!d(MISSING)] start verification in phase 2
2021/10/17 06:34:26 [Node 3] read bulletinboard in phase 2
2021/10/17 06:34:26 [node 3] receive point message from [node 4] in phase3
2021/10/17 06:34:26 node 3 send point message to node 1 in phase 3
2021/10/17 06:34:26 node 3 send point message to node 2 in phase 3
2021/10/17 06:34:26 [node 3] receive point message from [node 2] in phase3
2021/10/17 06:34:26 node 3 send point message to node 4 in phase 3
2021/10/17 06:34:26 node 3 send point message to node 5 in phase 3
2021/10/17 06:34:26 [node 3] receive point message from [node 1] in phase3
2021/10/17 06:34:26 [node 3] receive point message from [node 5] in phase3
2021/10/17 06:34:26 [node 3] has finish sharePhase3
2021/10/17 06:34:26 [node 3] write bulletinboard in phase 3
2021/10/17 06:34:26 [node 3] start verification in phase 3
2021/10/17 06:34:26 [node 3] read bulletinboard in phase 3
2021/10/17 06:34:26 [node 3] write bulletinboard in phase 3 2
2021/10/17 06:34:26 totMsgSize,2918
2021/10/17 06:34:26 epochLatency,191064241
2021/10/17 06:34:26 reconstructionLatency,42022075
2021/10/17 06:34:26 proactivizationLatency,50308695
2021/10/17 06:34:26 sharedistLatency,98733038
