2021/10/17 06:34:26 Node 2 new done,ip = 127.0.0.1:10220
2021/10/17 06:34:26 [Node 2] Now Get start Phase1
2021/10/17 06:34:26 [Node 2] send point message to [Node 1]
2021/10/17 06:34:26 [Node 2] send point message to [Node 3]
2021/10/17 06:34:26 [Node 2] send point message to [Node 4]
2021/10/17 06:34:26 [Node 2] send point message to [Node 5]
2021/10/17 06:34:26 Phase 1 :[Node 2] receive point message from [Node 1]
2021/10/17 06:34:26 Phase 1 :[Node 2] receive point message from [Node 5]
2021/10/17 06:34:26 Phase 1 :[Node 2] receive point message from [Node 4]
2021/10/17 06:34:26 Phase 1 :[Node 2] receive point message from [Node 3]
2021/10/17 06:34:26 [Node 2] read bulletinboard in phase 1
2021/10/17 06:34:26 [Node 2] receive zero message from [Node 3] in phase 2
2021/10/17 06:34:26 [Node 2] send message to [Node 1] in phase 2
2021/10/17 06:34:26 [Node 2] send message to [Node 3] in phase 2
2021/10/17 06:34:26 [Node 2] send message to [Node 4] in phase 2
2021/10/17 06:34:26 [Node 2] send message to [Node 5] in phase 2
2021/10/17 06:34:26 [Node 2] receive zero message from [Node 5] in phase 2
2021/10/17 06:34:26 [Node 2] receive zero message from [Node 1] in phase 2
2021/10/17 06:34:26 [Node 2] receive zero message from [Node 4] in phase 2
2021/10/17 06:34:26 2 has finish _0ShareSum
2021/10/17 06:34:26 [node 2] write bulletinboard in phase 2
2021/10/17 06:34:26 [Node %!d(MISSING)] start verification in phase 2
2021/10/17 06:34:26 [Node 2] read bulletinboard in phase 2
2021/10/17 06:34:26 [node 2] receive point message from [node 4] in phase3
2021/10/17 06:34:26 node 2 send point message to node 1 in phase 3
2021/10/17 06:34:26 node 2 send point message to node 3 in phase 3
2021/10/17 06:34:26 node 2 send point message to node 4 in phase 3
2021/10/17 06:34:26 node 2 send point message to node 5 in phase 3
2021/10/17 06:34:26 [node 2] receive point message from [node 3] in phase3
2021/10/17 06:34:26 [node 2] receive point message from [node 1] in phase3
2021/10/17 06:34:26 [node 2] receive point message from [node 5] in phase3
2021/10/17 06:34:26 [node 2] has finish sharePhase3
2021/10/17 06:34:26 [node 2] write bulletinboard in phase 3
2021/10/17 06:34:26 [node 2] start verification in phase 3
2021/10/17 06:34:26 [node 2] read bulletinboard in phase 3
2021/10/17 06:34:26 [node 2] write bulletinboard in phase 3 2
2021/10/17 06:34:26 totMsgSize,2914
2021/10/17 06:34:26 epochLatency,185365595
2021/10/17 06:34:26 reconstructionLatency,24713957
2021/10/17 06:34:26 proactivizationLatency,55811930
2021/10/17 06:34:26 sharedistLatency,104839428
