2021/10/17 06:34:26 Node 1 new done,ip = 127.0.0.1:10110
2021/10/17 06:34:26 [Node 1] Now Get start Phase1
2021/10/17 06:34:26 [Node 1] send point message to [Node 2]
2021/10/17 06:34:26 [Node 1] send point message to [Node 3]
2021/10/17 06:34:26 [Node 1] send point message to [Node 4]
2021/10/17 06:34:26 [Node 1] send point message to [Node 5]
2021/10/17 06:34:26 Phase 1 :[Node 1] receive point message from [Node 4]
2021/10/17 06:34:26 Phase 1 :[Node 1] receive point message from [Node 3]
2021/10/17 06:34:26 Phase 1 :[Node 1] receive point message from [Node 5]
2021/10/17 06:34:26 Phase 1 :[Node 1] receive point message from [Node 2]
2021/10/17 06:34:26 [Node 1] read bulletinboard in phase 1
2021/10/17 06:34:26 [Node 1] receive zero message from [Node 3] in phase 2
2021/10/17 06:34:26 [Node 1] receive zero message from [Node 5] in phase 2
2021/10/17 06:34:26 [Node 1] receive zero message from [Node 2] in phase 2
2021/10/17 06:34:26 [Node 1] send message to [Node 2] in phase 2
2021/10/17 06:34:26 [Node 1] send message to [Node 3] in phase 2
2021/10/17 06:34:26 [Node 1] send message to [Node 4] in phase 2
2021/10/17 06:34:26 [Node 1] send message to [Node 5] in phase 2
2021/10/17 06:34:26 [Node 1] receive zero message from [Node 4] in phase 2
2021/10/17 06:34:26 1 has finish _0ShareSum
2021/10/17 06:34:26 [node 1] write bulletinboard in phase 2
2021/10/17 06:34:26 [Node %!d(MISSING)] start verification in phase 2
2021/10/17 06:34:26 [Node 1] read bulletinboard in phase 2
2021/10/17 06:34:26 [node 1] receive point message from [node 4] in phase3
2021/10/17 06:34:26 [node 1] receive point message from [node 3] in phase3
2021/10/17 06:34:26 [node 1] receive point message from [node 2] in phase3
2021/10/17 06:34:26 node 1 send point message to node 2 in phase 3
2021/10/17 06:34:26 node 1 send point message to node 3 in phase 3
2021/10/17 06:34:26 [node 1] receive point message from [node 5] in phase3
2021/10/17 06:34:26 [node 1] has finish sharePhase3
2021/10/17 06:34:26 [node 1] write bulletinboard in phase 3
2021/10/17 06:34:26 node 1 send point message to node 4 in phase 3
2021/10/17 06:34:26 node 1 send point message to node 5 in phase 3
2021/10/17 06:34:26 [node 1] start verification in phase 3
2021/10/17 06:34:26 [node 1] read bulletinboard in phase 3
2021/10/17 06:34:26 [node 1] write bulletinboard in phase 3 2
2021/10/17 06:34:26 totMsgSize,2918
2021/10/17 06:34:26 epochLatency,170933771
2021/10/17 06:34:26 reconstructionLatency,40849074
2021/10/17 06:34:26 proactivizationLatency,66835231
2021/10/17 06:34:26 sharedistLatency,63248990
