2021/11/23 00:06:21 [Node 2] Now Get start Phase1
2021/11/23 00:06:21 Phase 1 :[Node 2] receive point message from [Node 1]
2021/11/23 00:06:21 [Node 2] send point message to [Node 1]
2021/11/23 00:06:21 [Node 2] send point message to [Node 3]
2021/11/23 00:06:21 Phase 1 :[Node 2] receive point message from [Node 3]
2021/11/23 00:06:21 [Node 2] read bulletinboard in phase 1
2021/11/23 00:06:21 [Node 2] send message to [Node 1] in phase 2
2021/11/23 00:06:21 [Node 2] send message to [Node 3] in phase 2
2021/11/23 00:06:21 [Node 2] receive zero message from [Node 3] in phase 2
2021/11/23 00:06:21 [Node 2] receive zero message from [Node 1] in phase 2
2021/11/23 00:06:21 [Node 2] has finish _0ShareSum
2021/11/23 00:06:21 [Node 2] write bulletinboard in phase 2
2021/11/23 00:06:21 [Node 2] start verification in phase 2
2021/11/23 00:06:21 [Node 2] read bulletinboard in phase 2
2021/11/23 00:06:21 [Node 2] send point message to [Node 1] in phase 3
2021/11/23 00:06:21 [Node 2] send point message to [Node 3] in phase 3
2021/11/23 00:06:21 [Node 2] receive point message from [Node 3] in phase3
2021/11/23 00:06:21 [Node 2] receive point message from [Node 1] in phase3
2021/11/23 00:06:21 [Node 2] has finish sharePhase3
2021/11/23 00:06:21 [Node 2] write bulletinboard in phase 3
