2021/11/23 00:21:44 [Node 3] Now Get start Phase1
2021/11/23 00:21:44 Phase 1 :[Node 3] receive point message from [Node 2]
2021/11/23 00:21:44 [Node 3] send point message to [Node 1]
2021/11/23 00:21:44 [Node 3] send point message to [Node 2]
2021/11/23 00:21:44 Phase 1 :[Node 3] receive point message from [Node 1]
2021/11/23 00:21:44 [Node 3] read bulletinboard in phase 1
2021/11/23 00:21:44 [Node 3] send message to [Node 1] in phase 2
2021/11/23 00:21:44 [Node 3] send message to [Node 2] in phase 2
2021/11/23 00:21:44 [Node 3] receive zero message from [Node 1] in phase 2
2021/11/23 00:21:44 [Node 3] receive zero message from [Node 2] in phase 2
2021/11/23 00:21:44 [Node 3] has finish _0ShareSum
2021/11/23 00:21:44 [Node 3] write bulletinboard in phase 2
2021/11/23 00:21:44 [Node 3] start verification in phase 2
2021/11/23 00:21:44 [Node 3] read bulletinboard in phase 2
2021/11/23 00:21:44 [Node 3] send point message to [Node 1] in phase 3
2021/11/23 00:21:44 [Node 3] send point message to [Node 2] in phase 3
2021/11/23 00:21:44 [Node 3] receive point message from [Node 1] in phase3
2021/11/23 00:21:44 [Node 3] receive point message from [Node 2] in phase3
2021/11/23 00:21:44 [Node 3] has finish sharePhase3
2021/11/23 00:21:44 [Node 3] write bulletinboard in phase 3
